<?xml version="1.0" encoding="UTF-8"?>
<!-- Generated by org.testng.reporters.JUnitXMLReporter -->
<testsuite ignored="2" hostname="SRIKANTH" failures="0" tests="1" name="Default test" time="4.819" errors="0" timestamp="2024-08-27T14:13:39 IST">
  <testcase classname="TestCases.LoginPageTest" name="TC_001" time="0.748"/>
  <testcase classname="TestCases.LoginPageTest" name="TC_003" time="0.0">
    <ignored/>
  </testcase> <!-- TC_003 -->
  <testcase classname="TestCases.LoginPageTest" name="TC_002" time="0.0">
    <ignored/>
  </testcase> <!-- TC_002 -->
</testsuite> <!-- Default test -->
