<?xml version="1.0" encoding="UTF-8"?>
<testng-results ignored="0" total="1" passed="1" failed="0" skipped="0">
  <reporter-output>
  </reporter-output>
  <suite started-at="2024-08-27T14:13:34 IST" name="Default suite" finished-at="2024-08-27T14:13:39 IST" duration-ms="4819">
    <groups>
    </groups>
    <test started-at="2024-08-27T14:13:34 IST" name="Default test" finished-at="2024-08-27T14:13:39 IST" duration-ms="4819">
      <class name="TestCases.LoginPageTest">
        <test-method is-config="true" signature="EnterData()[pri:0, instance:TestCases.LoginPageTest@408d971b]" started-at="2024-08-27T14:13:34 IST" name="EnterData" finished-at="2024-08-27T14:13:35 IST" duration-ms="711" status="PASS">
          <reporter-output>
          </reporter-output>
        </test-method> <!-- EnterData -->
        <test-method is-config="true" signature="startUp()[pri:0, instance:TestCases.LoginPageTest@408d971b]" started-at="2024-08-27T14:13:35 IST" name="startUp" finished-at="2024-08-27T14:13:38 IST" duration-ms="3102" status="PASS">
          <reporter-output>
          </reporter-output>
        </test-method> <!-- startUp -->
        <test-method signature="TC_001()[pri:0, instance:TestCases.LoginPageTest@408d971b]" started-at="2024-08-27T14:13:38 IST" name="TC_001" finished-at="2024-08-27T14:13:39 IST" duration-ms="748" status="PASS">
          <reporter-output>
          </reporter-output>
        </test-method> <!-- TC_001 -->
        <test-method is-config="true" signature="tearDown()[pri:0, instance:TestCases.LoginPageTest@408d971b]" started-at="2024-08-27T14:13:39 IST" name="tearDown" finished-at="2024-08-27T14:13:39 IST" duration-ms="202" status="PASS">
          <reporter-output>
          </reporter-output>
        </test-method> <!-- tearDown -->
        <test-method is-config="true" signature="closeExcel()[pri:0, instance:TestCases.LoginPageTest@408d971b]" started-at="2024-08-27T14:13:39 IST" name="closeExcel" finished-at="2024-08-27T14:13:39 IST" duration-ms="1" status="PASS">
          <reporter-output>
          </reporter-output>
        </test-method> <!-- closeExcel -->
      </class> <!-- TestCases.LoginPageTest -->
    </test> <!-- Default test -->
  </suite> <!-- Default suite -->
</testng-results>
