<?xml version="1.0" encoding="UTF-8"?>
<testng-results ignored="0" total="1" passed="1" failed="0" skipped="0">
  <reporter-output>
  </reporter-output>
  <suite started-at="2024-08-28T10:59:12 IST" name="Default suite" finished-at="2024-08-28T10:59:18 IST" duration-ms="6545">
    <groups>
    </groups>
    <test started-at="2024-08-28T10:59:12 IST" name="Default test" finished-at="2024-08-28T10:59:18 IST" duration-ms="6545">
      <class name="TestCases.CheckOutPageTest">
        <test-method is-config="true" signature="EnterData()[pri:0, instance:TestCases.CheckOutPageTest@408d971b]" started-at="2024-08-28T10:59:12 IST" name="EnterData" finished-at="2024-08-28T10:59:12 IST" duration-ms="488" status="PASS">
          <reporter-output>
          </reporter-output>
        </test-method> <!-- EnterData -->
        <test-method is-config="true" signature="startUp()[pri:0, instance:TestCases.CheckOutPageTest@408d971b]" started-at="2024-08-28T10:59:12 IST" name="startUp" finished-at="2024-08-28T10:59:15 IST" duration-ms="2436" status="PASS">
          <reporter-output>
          </reporter-output>
        </test-method> <!-- startUp -->
        <test-method signature="TC_005()[pri:0, instance:TestCases.CheckOutPageTest@408d971b]" started-at="2024-08-28T10:59:15 IST" name="TC_005" finished-at="2024-08-28T10:59:18 IST" duration-ms="3405" status="PASS">
          <reporter-output>
          </reporter-output>
        </test-method> <!-- TC_005 -->
        <test-method is-config="true" signature="tearDown()[pri:0, instance:TestCases.CheckOutPageTest@408d971b]" started-at="2024-08-28T10:59:18 IST" name="tearDown" finished-at="2024-08-28T10:59:18 IST" duration-ms="175" status="PASS">
          <reporter-output>
          </reporter-output>
        </test-method> <!-- tearDown -->
        <test-method is-config="true" signature="closeExcel()[pri:0, instance:TestCases.CheckOutPageTest@408d971b]" started-at="2024-08-28T10:59:18 IST" name="closeExcel" finished-at="2024-08-28T10:59:18 IST" duration-ms="0" status="PASS">
          <reporter-output>
          </reporter-output>
        </test-method> <!-- closeExcel -->
      </class> <!-- TestCases.CheckOutPageTest -->
    </test> <!-- Default test -->
  </suite> <!-- Default suite -->
</testng-results>
